#
# There is insufficient memory for the Java Runtime Environment to continue.
# Native memory allocation (malloc) failed to allocate 608816 bytes for Chunk::new
# Possible reasons:
#   The system is out of physical RAM or swap space
#   The process is running with CompressedOops enabled, and the Java Heap may be blocking the growth of the native heap
# Possible solutions:
#   Reduce memory load on the system
#   Increase physical memory or swap space
#   Check if swap backing store is full
#   Decrease Java heap size (-Xmx/-Xms)
#   Decrease number of Java threads
#   Decrease Java thread stack sizes (-Xss)
#   Set larger code cache with -XX:ReservedCodeCacheSize=
#   JVM is running with Unscaled Compressed Oops mode in which the Java heap is
#     placed in the first 4GB address space. The Java Heap base address is the
#     maximum limit for the native heap growth. Please use -XX:HeapBaseMinAddress
#     to set the Java Heap base and to place the Java Heap above 4GB virtual address.
# This output file may be truncated or incomplete.
#
#  Out of Memory Error (./src/hotspot/share/memory/arena.cpp:197), pid=24232, tid=34780
#
# JRE version: OpenJDK Runtime Environment (11.0.8+10) (build 11.0.8+10-b944.6842174)
# Java VM: OpenJDK 64-Bit Server VM (11.0.8+10-b944.6842174, mixed mode, tiered, compressed oops, g1 gc, windows-amd64)
# No core dump will be written. Minidumps are not enabled by default on client versions of Windows
#

---------------  S U M M A R Y ------------

Command Line: --add-opens=java.base/java.util=ALL-UNNAMED --add-opens=java.base/java.lang=ALL-UNNAMED --add-opens=java.base/java.lang.invoke=ALL-UNNAMED --add-opens=java.prefs/java.util.prefs=ALL-UNNAMED -Xmx2048m -Dfile.encoding=UTF-8 -Duser.country=US -Duser.language=en -Duser.variant org.gradle.launcher.daemon.bootstrap.GradleDaemon 6.5

Host: Intel(R) Core(TM) i7-9750H CPU @ 2.60GHz, 12 cores, 15G,  Windows 10 , 64 bit Build 19041 (10.0.19041.1348)
Time: Tue Dec  7 20:58:50 2021 SE Asia Standard Time elapsed time: 2 seconds (0d 0h 0m 2s)

---------------  T H R E A D  ---------------

Current thread (0x000001ad519f8000):  JavaThread "C2 CompilerThread0" daemon [_thread_in_native, id=34780, stack(0x00000016a2100000,0x00000016a2200000)]


Current CompileTask:
C2:   2228 1862   !   4       java.lang.ClassLoader::loadClass (122 bytes)

Stack: [0x00000016a2100000,0x00000016a2200000]
Native frames: (J=compiled Java code, j=interpreted, Vv=VM code, C=native code)
V  [jvm.dll+0x5de50a]
V  [jvm.dll+0x7122f5]
V  [jvm.dll+0x71384d]
V  [jvm.dll+0x713f03]
V  [jvm.dll+0x23e728]
V  [jvm.dll+0xb899c]
V  [jvm.dll+0xb8e9c]
V  [jvm.dll+0x2b20e4]
V  [jvm.dll+0x502098]
V  [jvm.dll+0x1ff393]
V  [jvm.dll+0x1f917c]
V  [jvm.dll+0x1f685f]
V  [jvm.dll+0x17f32c]
V  [jvm.dll+0x205047]
V  [jvm.dll+0x203891]
V  [jvm.dll+0x6dad3f]
V  [jvm.dll+0x6d3895]
V  [jvm.dll+0x5dd4a6]
C  [ucrtbase.dll+0x21bb2]
C  [KERNEL32.DLL+0x17034]
C  [ntdll.dll+0x52651]


---------------  P R O C E S S  ---------------

Threads class SMR info:
_java_thread_list=0x000001ad53a72f70, length=23, elements={
0x000001ad369e9000, 0x000001ad5199a800, 0x000001ad5199c000, 0x000001ad519f6000,
0x000001ad519f7000, 0x000001ad519f8000, 0x000001ad51a09800, 0x000001ad51a0b800,
0x000001ad51b6b000, 0x000001ad51b70800, 0x000001ad53363800, 0x000001ad5293e800,
0x000001ad53147000, 0x000001ad52db3800, 0x000001ad533e0000, 0x000001ad53980800,
0x000001ad52bdc800, 0x000001ad53c63800, 0x000001ad53524000, 0x000001ad52bdd000,
0x000001ad53337000, 0x000001ad53335800, 0x000001ad53334000
}

Java Threads: ( => current thread )
  0x000001ad369e9000 JavaThread "main" [_thread_blocked, id=25436, stack(0x00000016a1600000,0x00000016a1700000)]
  0x000001ad5199a800 JavaThread "Reference Handler" daemon [_thread_blocked, id=26492, stack(0x00000016a1d00000,0x00000016a1e00000)]
  0x000001ad5199c000 JavaThread "Finalizer" daemon [_thread_blocked, id=29884, stack(0x00000016a1e00000,0x00000016a1f00000)]
  0x000001ad519f6000 JavaThread "Signal Dispatcher" daemon [_thread_blocked, id=29072, stack(0x00000016a1f00000,0x00000016a2000000)]
  0x000001ad519f7000 JavaThread "Attach Listener" daemon [_thread_blocked, id=17872, stack(0x00000016a2000000,0x00000016a2100000)]
=>0x000001ad519f8000 JavaThread "C2 CompilerThread0" daemon [_thread_in_native, id=34780, stack(0x00000016a2100000,0x00000016a2200000)]
  0x000001ad51a09800 JavaThread "C1 CompilerThread0" daemon [_thread_in_native, id=8436, stack(0x00000016a2200000,0x00000016a2300000)]
  0x000001ad51a0b800 JavaThread "Sweeper thread" daemon [_thread_blocked, id=33364, stack(0x00000016a2300000,0x00000016a2400000)]
  0x000001ad51b6b000 JavaThread "Common-Cleaner" daemon [_thread_blocked, id=4376, stack(0x00000016a2400000,0x00000016a2500000)]
  0x000001ad51b70800 JavaThread "Service Thread" daemon [_thread_blocked, id=19016, stack(0x00000016a2500000,0x00000016a2600000)]
  0x000001ad53363800 JavaThread "Daemon health stats" [_thread_blocked, id=14216, stack(0x00000016a2e00000,0x00000016a2f00000)]
  0x000001ad5293e800 JavaThread "Incoming local TCP Connector on port 52180" [_thread_in_native, id=14968, stack(0x00000016a2700000,0x00000016a2800000)]
  0x000001ad53147000 JavaThread "Daemon periodic checks" [_thread_blocked, id=13404, stack(0x00000016a3000000,0x00000016a3100000)]
  0x000001ad52db3800 JavaThread "Daemon" [_thread_blocked, id=34956, stack(0x00000016a3100000,0x00000016a3200000)]
  0x000001ad533e0000 JavaThread "Handler for socket connection from /127.0.0.1:52180 to /127.0.0.1:52181" [_thread_in_native, id=23996, stack(0x00000016a3200000,0x00000016a3300000)]
  0x000001ad53980800 JavaThread "Cancel handler" [_thread_blocked, id=13568, stack(0x00000016a3300000,0x00000016a3400000)]
  0x000001ad52bdc800 JavaThread "Daemon worker" [_thread_in_vm, id=35792, stack(0x00000016a3400000,0x00000016a3500000)]
  0x000001ad53c63800 JavaThread "Asynchronous log dispatcher for DefaultDaemonConnection: socket connection from /127.0.0.1:52180 to /127.0.0.1:52181" [_thread_blocked, id=9984, stack(0x00000016a3500000,0x00000016a3600000)]
  0x000001ad53524000 JavaThread "Stdin handler" [_thread_blocked, id=34832, stack(0x00000016a3600000,0x00000016a3700000)]
  0x000001ad52bdd000 JavaThread "Thread-8" [_thread_blocked, id=33456, stack(0x00000016a3700000,0x00000016a3800000)]
  0x000001ad53337000 JavaThread "Cache worker for journal cache (C:\Users\Y540\.gradle\caches\journal-1)" [_thread_blocked, id=11208, stack(0x00000016a3800000,0x00000016a3900000)]
  0x000001ad53335800 JavaThread "File lock request listener" [_thread_in_native, id=7704, stack(0x00000016a3900000,0x00000016a3a00000)]
  0x000001ad53334000 JavaThread "Cache worker for file hash cache (C:\Users\Y540\.gradle\caches\6.5\fileHashes)" [_thread_blocked, id=15768, stack(0x00000016a3a00000,0x00000016a3b00000)]

Other Threads:
  0x000001ad51998800 VMThread "VM Thread" [stack: 0x00000016a1c00000,0x00000016a1d00000] [id=20832]
  0x000001ad51b71800 WatcherThread [stack: 0x00000016a2600000,0x00000016a2700000] [id=34684]
  0x000001ad36a01000 GCTaskThread "GC Thread#0" [stack: 0x00000016a1700000,0x00000016a1800000] [id=31284]
  0x000001ad51a9f000 GCTaskThread "GC Thread#1" [stack: 0x00000016a2800000,0x00000016a2900000] [id=31816]
  0x000001ad51aa0000 GCTaskThread "GC Thread#2" [stack: 0x00000016a2900000,0x00000016a2a00000] [id=33128]
  0x000001ad51aa0800 GCTaskThread "GC Thread#3" [stack: 0x00000016a2a00000,0x00000016a2b00000] [id=34752]
  0x000001ad51a9d000 GCTaskThread "GC Thread#4" [stack: 0x00000016a2b00000,0x00000016a2c00000] [id=38560]
  0x000001ad51aa1800 GCTaskThread "GC Thread#5" [stack: 0x00000016a2c00000,0x00000016a2d00000] [id=36588]
  0x000001ad51aa2000 GCTaskThread "GC Thread#6" [stack: 0x00000016a3b00000,0x00000016a3c00000] [id=27916]
  0x000001ad51a9e800 GCTaskThread "GC Thread#7" [stack: 0x00000016a3c00000,0x00000016a3d00000] [id=30192]
  0x000001ad51aa3000 GCTaskThread "GC Thread#8" [stack: 0x00000016a3d00000,0x00000016a3e00000] [id=24204]
  0x000001ad51aa3800 GCTaskThread "GC Thread#9" [stack: 0x00000016a3e00000,0x00000016a3f00000] [id=38768]
  0x000001ad36a35800 ConcurrentGCThread "G1 Main Marker" [stack: 0x00000016a1800000,0x00000016a1900000] [id=20820]
  0x000001ad36a39000 ConcurrentGCThread "G1 Conc#0" [stack: 0x00000016a1900000,0x00000016a1a00000] [id=37116]
  0x000001ad51aa4000 ConcurrentGCThread "G1 Conc#1" [stack: 0x00000016a3f00000,0x00000016a4000000] [id=28712]
  0x000001ad51a9d800 ConcurrentGCThread "G1 Conc#2" [stack: 0x00000016a4000000,0x00000016a4100000] [id=18720]
  0x000001ad36ace000 ConcurrentGCThread "G1 Refine#0" [stack: 0x00000016a1a00000,0x00000016a1b00000] [id=28124]
  0x000001ad50fe4800 ConcurrentGCThread "G1 Young RemSet Sampling" [stack: 0x00000016a1b00000,0x00000016a1c00000] [id=34188]

Threads with active compile tasks:
C2 CompilerThread0   2251 1862   !   4       java.lang.ClassLoader::loadClass (122 bytes)
C1 CompilerThread0   2251 1900       3       java.util.HashMap::getNode (148 bytes)

VM state:not at safepoint (normal execution)

VM Mutex/Monitor currently owned by a thread: None

Heap address: 0x0000000080000000, size: 2048 MB, Compressed Oops mode: 32-bit
Narrow klass base: 0x0000000000000000, Narrow klass shift: 3
Compressed class space size: 1073741824 Address: 0x0000000100000000

Heap:
 garbage-first heap   total 262144K, used 28829K [0x0000000080000000, 0x0000000100000000)
  region size 1024K, 24 young (24576K), 10 survivors (10240K)
 Metaspace       used 21790K, capacity 22373K, committed 22656K, reserved 1069056K
  class space    used 2667K, capacity 2876K, committed 2944K, reserved 1048576K
Heap Regions: E=young(eden), S=young(survivor), O=old, HS=humongous(starts), HC=humongous(continues), CS=collection set, F=free, A=archive, TAMS=top-at-mark-start (previous, next)
|   0|0x0000000080000000, 0x0000000080000000, 0x0000000080100000|  0%| F|  |TAMS 0x0000000080000000, 0x0000000080000000| Untracked 
|   1|0x0000000080100000, 0x0000000080100000, 0x0000000080200000|  0%| F|  |TAMS 0x0000000080100000, 0x0000000080100000| Untracked 
|   2|0x0000000080200000, 0x0000000080200000, 0x0000000080300000|  0%| F|  |TAMS 0x0000000080200000, 0x0000000080200000| Untracked 
|   3|0x0000000080300000, 0x0000000080400000, 0x0000000080400000|100%|HS|  |TAMS 0x0000000080400000, 0x0000000080300000| Complete 
|   4|0x0000000080400000, 0x0000000080500000, 0x0000000080500000|100%|HC|  |TAMS 0x0000000080500000, 0x0000000080400000| Complete 
|   5|0x0000000080500000, 0x0000000080600000, 0x0000000080600000|100%|HC|  |TAMS 0x0000000080600000, 0x0000000080500000| Complete 
|   6|0x0000000080600000, 0x0000000080700000, 0x0000000080700000|100%| O|  |TAMS 0x0000000080700000, 0x0000000080600000| Untracked 
|   7|0x0000000080700000, 0x0000000080800000, 0x0000000080800000|100%| O|  |TAMS 0x0000000080800000, 0x0000000080700000| Untracked 
|   8|0x0000000080800000, 0x0000000080846000, 0x0000000080900000| 27%| O|  |TAMS 0x0000000080846000, 0x0000000080800000| Untracked 
|   9|0x0000000080900000, 0x0000000080900000, 0x0000000080a00000|  0%| F|  |TAMS 0x0000000080900000, 0x0000000080900000| Untracked 
|  10|0x0000000080a00000, 0x0000000080a00000, 0x0000000080b00000|  0%| F|  |TAMS 0x0000000080a00000, 0x0000000080a00000| Untracked 
|  11|0x0000000080b00000, 0x0000000080b00000, 0x0000000080c00000|  0%| F|  |TAMS 0x0000000080b00000, 0x0000000080b00000| Untracked 
|  12|0x0000000080c00000, 0x0000000080c00000, 0x0000000080d00000|  0%| F|  |TAMS 0x0000000080c00000, 0x0000000080c00000| Untracked 
|  13|0x0000000080d00000, 0x0000000080d00000, 0x0000000080e00000|  0%| F|  |TAMS 0x0000000080d00000, 0x0000000080d00000| Untracked 
|  14|0x0000000080e00000, 0x0000000080e00000, 0x0000000080f00000|  0%| F|  |TAMS 0x0000000080e00000, 0x0000000080e00000| Untracked 
|  15|0x0000000080f00000, 0x0000000080f00000, 0x0000000081000000|  0%| F|  |TAMS 0x0000000080f00000, 0x0000000080f00000| Untracked 
|  16|0x0000000081000000, 0x0000000081000000, 0x0000000081100000|  0%| F|  |TAMS 0x0000000081000000, 0x0000000081000000| Untracked 
|  17|0x0000000081100000, 0x0000000081100000, 0x0000000081200000|  0%| F|  |TAMS 0x0000000081100000, 0x0000000081100000| Untracked 
|  18|0x0000000081200000, 0x0000000081200000, 0x0000000081300000|  0%| F|  |TAMS 0x0000000081200000, 0x0000000081200000| Untracked 
|  19|0x0000000081300000, 0x0000000081300000, 0x0000000081400000|  0%| F|  |TAMS 0x0000000081300000, 0x0000000081300000| Untracked 
|  20|0x0000000081400000, 0x0000000081400000, 0x0000000081500000|  0%| F|  |TAMS 0x0000000081400000, 0x0000000081400000| Untracked 
|  21|0x0000000081500000, 0x0000000081500000, 0x0000000081600000|  0%| F|  |TAMS 0x0000000081500000, 0x0000000081500000| Untracked 
|  22|0x0000000081600000, 0x0000000081600000, 0x0000000081700000|  0%| F|  |TAMS 0x0000000081600000, 0x0000000081600000| Untracked 
|  23|0x0000000081700000, 0x0000000081700000, 0x0000000081800000|  0%| F|  |TAMS 0x0000000081700000, 0x0000000081700000| Untracked 
|  24|0x0000000081800000, 0x0000000081800000, 0x0000000081900000|  0%| F|  |TAMS 0x0000000081800000, 0x0000000081800000| Untracked 
|  25|0x0000000081900000, 0x0000000081900000, 0x0000000081a00000|  0%| F|  |TAMS 0x0000000081900000, 0x0000000081900000| Untracked 
|  26|0x0000000081a00000, 0x0000000081a00000, 0x0000000081b00000|  0%| F|  |TAMS 0x0000000081a00000, 0x0000000081a00000| Untracked 
|  27|0x0000000081b00000, 0x0000000081b00000, 0x0000000081c00000|  0%| F|  |TAMS 0x0000000081b00000, 0x0000000081b00000| Untracked 
|  28|0x0000000081c00000, 0x0000000081c00000, 0x0000000081d00000|  0%| F|  |TAMS 0x0000000081c00000, 0x0000000081c00000| Untracked 
|  29|0x0000000081d00000, 0x0000000081d00000, 0x0000000081e00000|  0%| F|  |TAMS 0x0000000081d00000, 0x0000000081d00000| Untracked 
|  30|0x0000000081e00000, 0x0000000081e00000, 0x0000000081f00000|  0%| F|  |TAMS 0x0000000081e00000, 0x0000000081e00000| Untracked 
|  31|0x0000000081f00000, 0x0000000081f00000, 0x0000000082000000|  0%| F|  |TAMS 0x0000000081f00000, 0x0000000081f00000| Untracked 
|  32|0x0000000082000000, 0x0000000082000000, 0x0000000082100000|  0%| F|  |TAMS 0x0000000082000000, 0x0000000082000000| Untracked 
|  33|0x0000000082100000, 0x0000000082100000, 0x0000000082200000|  0%| F|  |TAMS 0x0000000082100000, 0x0000000082100000| Untracked 
|  34|0x0000000082200000, 0x0000000082200000, 0x0000000082300000|  0%| F|  |TAMS 0x0000000082200000, 0x0000000082200000| Untracked 
|  35|0x0000000082300000, 0x0000000082300000, 0x0000000082400000|  0%| F|  |TAMS 0x0000000082300000, 0x0000000082300000| Untracked 
|  36|0x0000000082400000, 0x0000000082400000, 0x0000000082500000|  0%| F|  |TAMS 0x0000000082400000, 0x0000000082400000| Untracked 
|  37|0x0000000082500000, 0x0000000082500000, 0x0000000082600000|  0%| F|  |TAMS 0x0000000082500000, 0x0000000082500000| Untracked 
|  38|0x0000000082600000, 0x0000000082600000, 0x0000000082700000|  0%| F|  |TAMS 0x0000000082600000, 0x0000000082600000| Untracked 
|  39|0x0000000082700000, 0x0000000082700000, 0x0000000082800000|  0%| F|  |TAMS 0x0000000082700000, 0x0000000082700000| Untracked 
|  40|0x0000000082800000, 0x0000000082800000, 0x0000000082900000|  0%| F|  |TAMS 0x0000000082800000, 0x0000000082800000| Untracked 
|  41|0x0000000082900000, 0x0000000082900000, 0x0000000082a00000|  0%| F|  |TAMS 0x0000000082900000, 0x0000000082900000| Untracked 
|  42|0x0000000082a00000, 0x0000000082a00000, 0x0000000082b00000|  0%| F|  |TAMS 0x0000000082a00000, 0x0000000082a00000| Untracked 
|  43|0x0000000082b00000, 0x0000000082b00000, 0x0000000082c00000|  0%| F|  |TAMS 0x0000000082b00000, 0x0000000082b00000| Untracked 
|  44|0x0000000082c00000, 0x0000000082c00000, 0x0000000082d00000|  0%| F|  |TAMS 0x0000000082c00000, 0x0000000082c00000| Untracked 
|  45|0x0000000082d00000, 0x0000000082d00000, 0x0000000082e00000|  0%| F|  |TAMS 0x0000000082d00000, 0x0000000082d00000| Untracked 
|  46|0x0000000082e00000, 0x0000000082e00000, 0x0000000082f00000|  0%| F|  |TAMS 0x0000000082e00000, 0x0000000082e00000| Untracked 
|  47|0x0000000082f00000, 0x0000000082f00000, 0x0000000083000000|  0%| F|  |TAMS 0x0000000082f00000, 0x0000000082f00000| Untracked 
|  48|0x0000000083000000, 0x0000000083000000, 0x0000000083100000|  0%| F|  |TAMS 0x0000000083000000, 0x0000000083000000| Untracked 
|  49|0x0000000083100000, 0x0000000083100000, 0x0000000083200000|  0%| F|  |TAMS 0x0000000083100000, 0x0000000083100000| Untracked 
|  50|0x0000000083200000, 0x0000000083200000, 0x0000000083300000|  0%| F|  |TAMS 0x0000000083200000, 0x0000000083200000| Untracked 
|  51|0x0000000083300000, 0x0000000083300000, 0x0000000083400000|  0%| F|  |TAMS 0x0000000083300000, 0x0000000083300000| Untracked 
|  52|0x0000000083400000, 0x0000000083400000, 0x0000000083500000|  0%| F|  |TAMS 0x0000000083400000, 0x0000000083400000| Untracked 
|  53|0x0000000083500000, 0x0000000083500000, 0x0000000083600000|  0%| F|  |TAMS 0x0000000083500000, 0x0000000083500000| Untracked 
|  54|0x0000000083600000, 0x0000000083600000, 0x0000000083700000|  0%| F|  |TAMS 0x0000000083600000, 0x0000000083600000| Untracked 
|  55|0x0000000083700000, 0x0000000083700000, 0x0000000083800000|  0%| F|  |TAMS 0x0000000083700000, 0x0000000083700000| Untracked 
|  56|0x0000000083800000, 0x0000000083800000, 0x0000000083900000|  0%| F|  |TAMS 0x0000000083800000, 0x0000000083800000| Untracked 
|  57|0x0000000083900000, 0x0000000083900000, 0x0000000083a00000|  0%| F|  |TAMS 0x0000000083900000, 0x0000000083900000| Untracked 
|  58|0x0000000083a00000, 0x0000000083a00000, 0x0000000083b00000|  0%| F|  |TAMS 0x0000000083a00000, 0x0000000083a00000| Untracked 
|  59|0x0000000083b00000, 0x0000000083b00000, 0x0000000083c00000|  0%| F|  |TAMS 0x0000000083b00000, 0x0000000083b00000| Untracked 
|  60|0x0000000083c00000, 0x0000000083c00000, 0x0000000083d00000|  0%| F|  |TAMS 0x0000000083c00000, 0x0000000083c00000| Untracked 
|  61|0x0000000083d00000, 0x0000000083d00000, 0x0000000083e00000|  0%| F|  |TAMS 0x0000000083d00000, 0x0000000083d00000| Untracked 
|  62|0x0000000083e00000, 0x0000000083e00000, 0x0000000083f00000|  0%| F|  |TAMS 0x0000000083e00000, 0x0000000083e00000| Untracked 
|  63|0x0000000083f00000, 0x0000000083f00000, 0x0000000084000000|  0%| F|  |TAMS 0x0000000083f00000, 0x0000000083f00000| Untracked 
|  64|0x0000000084000000, 0x0000000084000000, 0x0000000084100000|  0%| F|  |TAMS 0x0000000084000000, 0x0000000084000000| Untracked 
|  65|0x0000000084100000, 0x0000000084100000, 0x0000000084200000|  0%| F|  |TAMS 0x0000000084100000, 0x0000000084100000| Untracked 
|  66|0x0000000084200000, 0x0000000084200000, 0x0000000084300000|  0%| F|  |TAMS 0x0000000084200000, 0x0000000084200000| Untracked 
|  67|0x0000000084300000, 0x0000000084300000, 0x0000000084400000|  0%| F|  |TAMS 0x0000000084300000, 0x0000000084300000| Untracked 
|  68|0x0000000084400000, 0x0000000084400000, 0x0000000084500000|  0%| F|  |TAMS 0x0000000084400000, 0x0000000084400000| Untracked 
|  69|0x0000000084500000, 0x0000000084500000, 0x0000000084600000|  0%| F|  |TAMS 0x0000000084500000, 0x0000000084500000| Untracked 
|  70|0x0000000084600000, 0x0000000084600000, 0x0000000084700000|  0%| F|  |TAMS 0x0000000084600000, 0x0000000084600000| Untracked 
|  71|0x0000000084700000, 0x0000000084700000, 0x0000000084800000|  0%| F|  |TAMS 0x0000000084700000, 0x0000000084700000| Untracked 
|  72|0x0000000084800000, 0x0000000084800000, 0x0000000084900000|  0%| F|  |TAMS 0x0000000084800000, 0x0000000084800000| Untracked 
|  73|0x0000000084900000, 0x0000000084900000, 0x0000000084a00000|  0%| F|  |TAMS 0x0000000084900000, 0x0000000084900000| Untracked 
|  74|0x0000000084a00000, 0x0000000084a00000, 0x0000000084b00000|  0%| F|  |TAMS 0x0000000084a00000, 0x0000000084a00000| Untracked 
|  75|0x0000000084b00000, 0x0000000084b00000, 0x0000000084c00000|  0%| F|  |TAMS 0x0000000084b00000, 0x0000000084b00000| Untracked 
|  76|0x0000000084c00000, 0x0000000084c00000, 0x0000000084d00000|  0%| F|  |TAMS 0x0000000084c00000, 0x0000000084c00000| Untracked 
|  77|0x0000000084d00000, 0x0000000084d00000, 0x0000000084e00000|  0%| F|  |TAMS 0x0000000084d00000, 0x0000000084d00000| Untracked 
|  78|0x0000000084e00000, 0x0000000084e00000, 0x0000000084f00000|  0%| F|  |TAMS 0x0000000084e00000, 0x0000000084e00000| Untracked 
|  79|0x0000000084f00000, 0x0000000084f00000, 0x0000000085000000|  0%| F|  |TAMS 0x0000000084f00000, 0x0000000084f00000| Untracked 
|  80|0x0000000085000000, 0x0000000085000000, 0x0000000085100000|  0%| F|  |TAMS 0x0000000085000000, 0x0000000085000000| Untracked 
|  81|0x0000000085100000, 0x0000000085100000, 0x0000000085200000|  0%| F|  |TAMS 0x0000000085100000, 0x0000000085100000| Untracked 
|  82|0x0000000085200000, 0x0000000085200000, 0x0000000085300000|  0%| F|  |TAMS 0x0000000085200000, 0x0000000085200000| Untracked 
|  83|0x0000000085300000, 0x0000000085300000, 0x0000000085400000|  0%| F|  |TAMS 0x0000000085300000, 0x0000000085300000| Untracked 
|  84|0x0000000085400000, 0x0000000085400000, 0x0000000085500000|  0%| F|  |TAMS 0x0000000085400000, 0x0000000085400000| Untracked 
|  85|0x0000000085500000, 0x0000000085500000, 0x0000000085600000|  0%| F|  |TAMS 0x0000000085500000, 0x0000000085500000| Untracked 
|  86|0x0000000085600000, 0x0000000085600000, 0x0000000085700000|  0%| F|  |TAMS 0x0000000085600000, 0x0000000085600000| Untracked 
|  87|0x0000000085700000, 0x0000000085700000, 0x0000000085800000|  0%| F|  |TAMS 0x0000000085700000, 0x0000000085700000| Untracked 
|  88|0x0000000085800000, 0x0000000085800000, 0x0000000085900000|  0%| F|  |TAMS 0x0000000085800000, 0x0000000085800000| Untracked 
|  89|0x0000000085900000, 0x0000000085900000, 0x0000000085a00000|  0%| F|  |TAMS 0x0000000085900000, 0x0000000085900000| Untracked 
|  90|0x0000000085a00000, 0x0000000085a00000, 0x0000000085b00000|  0%| F|  |TAMS 0x0000000085a00000, 0x0000000085a00000| Untracked 
|  91|0x0000000085b00000, 0x0000000085b00000, 0x0000000085c00000|  0%| F|  |TAMS 0x0000000085b00000, 0x0000000085b00000| Untracked 
|  92|0x0000000085c00000, 0x0000000085c00000, 0x0000000085d00000|  0%| F|  |TAMS 0x0000000085c00000, 0x0000000085c00000| Untracked 
|  93|0x0000000085d00000, 0x0000000085d00000, 0x0000000085e00000|  0%| F|  |TAMS 0x0000000085d00000, 0x0000000085d00000| Untracked 
|  94|0x0000000085e00000, 0x0000000085e00000, 0x0000000085f00000|  0%| F|  |TAMS 0x0000000085e00000, 0x0000000085e00000| Untracked 
|  95|0x0000000085f00000, 0x0000000085f00000, 0x0000000086000000|  0%| F|  |TAMS 0x0000000085f00000, 0x0000000085f00000| Untracked 
|  96|0x0000000086000000, 0x0000000086000000, 0x0000000086100000|  0%| F|  |TAMS 0x0000000086000000, 0x0000000086000000| Untracked 
|  97|0x0000000086100000, 0x0000000086100000, 0x0000000086200000|  0%| F|  |TAMS 0x0000000086100000, 0x0000000086100000| Untracked 
|  98|0x0000000086200000, 0x0000000086200000, 0x0000000086300000|  0%| F|  |TAMS 0x0000000086200000, 0x0000000086200000| Untracked 
|  99|0x0000000086300000, 0x0000000086300000, 0x0000000086400000|  0%| F|  |TAMS 0x0000000086300000, 0x0000000086300000| Untracked 
| 100|0x0000000086400000, 0x0000000086400000, 0x0000000086500000|  0%| F|  |TAMS 0x0000000086400000, 0x0000000086400000| Untracked 
| 101|0x0000000086500000, 0x0000000086500000, 0x0000000086600000|  0%| F|  |TAMS 0x0000000086500000, 0x0000000086500000| Untracked 
| 102|0x0000000086600000, 0x0000000086600000, 0x0000000086700000|  0%| F|  |TAMS 0x0000000086600000, 0x0000000086600000| Untracked 
| 103|0x0000000086700000, 0x0000000086700000, 0x0000000086800000|  0%| F|  |TAMS 0x0000000086700000, 0x0000000086700000| Untracked 
| 104|0x0000000086800000, 0x0000000086800000, 0x0000000086900000|  0%| F|  |TAMS 0x0000000086800000, 0x0000000086800000| Untracked 
| 105|0x0000000086900000, 0x0000000086900000, 0x0000000086a00000|  0%| F|  |TAMS 0x0000000086900000, 0x0000000086900000| Untracked 
| 106|0x0000000086a00000, 0x0000000086a00000, 0x0000000086b00000|  0%| F|  |TAMS 0x0000000086a00000, 0x0000000086a00000| Untracked 
| 107|0x0000000086b00000, 0x0000000086b00000, 0x0000000086c00000|  0%| F|  |TAMS 0x0000000086b00000, 0x0000000086b00000| Untracked 
| 108|0x0000000086c00000, 0x0000000086c00000, 0x0000000086d00000|  0%| F|  |TAMS 0x0000000086c00000, 0x0000000086c00000| Untracked 
| 109|0x0000000086d00000, 0x0000000086d00000, 0x0000000086e00000|  0%| F|  |TAMS 0x0000000086d00000, 0x0000000086d00000| Untracked 
| 110|0x0000000086e00000, 0x0000000086e00000, 0x0000000086f00000|  0%| F|  |TAMS 0x0000000086e00000, 0x0000000086e00000| Untracked 
| 111|0x0000000086f00000, 0x0000000086f00000, 0x0000000087000000|  0%| F|  |TAMS 0x0000000086f00000, 0x0000000086f00000| Untracked 
| 112|0x0000000087000000, 0x0000000087000000, 0x0000000087100000|  0%| F|  |TAMS 0x0000000087000000, 0x0000000087000000| Untracked 
| 113|0x0000000087100000, 0x0000000087100000, 0x0000000087200000|  0%| F|  |TAMS 0x0000000087100000, 0x0000000087100000| Untracked 
| 114|0x0000000087200000, 0x0000000087200000, 0x0000000087300000|  0%| F|  |TAMS 0x0000000087200000, 0x0000000087200000| Untracked 
| 115|0x0000000087300000, 0x0000000087300000, 0x0000000087400000|  0%| F|  |TAMS 0x0000000087300000, 0x0000000087300000| Untracked 
| 116|0x0000000087400000, 0x0000000087400000, 0x0000000087500000|  0%| F|  |TAMS 0x0000000087400000, 0x0000000087400000| Untracked 
| 117|0x0000000087500000, 0x0000000087500000, 0x0000000087600000|  0%| F|  |TAMS 0x0000000087500000, 0x0000000087500000| Untracked 
| 118|0x0000000087600000, 0x0000000087600000, 0x0000000087700000|  0%| F|  |TAMS 0x0000000087600000, 0x0000000087600000| Untracked 
| 119|0x0000000087700000, 0x0000000087700000, 0x0000000087800000|  0%| F|  |TAMS 0x0000000087700000, 0x0000000087700000| Untracked 
| 120|0x0000000087800000, 0x0000000087800000, 0x0000000087900000|  0%| F|  |TAMS 0x0000000087800000, 0x0000000087800000| Untracked 
| 121|0x0000000087900000, 0x0000000087900000, 0x0000000087a00000|  0%| F|  |TAMS 0x0000000087900000, 0x0000000087900000| Untracked 
| 122|0x0000000087a00000, 0x0000000087a00000, 0x0000000087b00000|  0%| F|  |TAMS 0x0000000087a00000, 0x0000000087a00000| Untracked 
| 123|0x0000000087b00000, 0x0000000087b00000, 0x0000000087c00000|  0%| F|  |TAMS 0x0000000087b00000, 0x0000000087b00000| Untracked 
| 124|0x0000000087c00000, 0x0000000087c00000, 0x0000000087d00000|  0%| F|  |TAMS 0x0000000087c00000, 0x0000000087c00000| Untracked 
| 125|0x0000000087d00000, 0x0000000087d00000, 0x0000000087e00000|  0%| F|  |TAMS 0x0000000087d00000, 0x0000000087d00000| Untracked 
| 126|0x0000000087e00000, 0x0000000087e00000, 0x0000000087f00000|  0%| F|  |TAMS 0x0000000087e00000, 0x0000000087e00000| Untracked 
| 127|0x0000000087f00000, 0x0000000087f00000, 0x0000000088000000|  0%| F|  |TAMS 0x0000000087f00000, 0x0000000087f00000| Untracked 
| 128|0x0000000088000000, 0x0000000088000000, 0x0000000088100000|  0%| F|  |TAMS 0x0000000088000000, 0x0000000088000000| Untracked 
| 129|0x0000000088100000, 0x0000000088100000, 0x0000000088200000|  0%| F|  |TAMS 0x0000000088100000, 0x0000000088100000| Untracked 
| 130|0x0000000088200000, 0x0000000088200000, 0x0000000088300000|  0%| F|  |TAMS 0x0000000088200000, 0x0000000088200000| Untracked 
| 131|0x0000000088300000, 0x0000000088300000, 0x0000000088400000|  0%| F|  |TAMS 0x0000000088300000, 0x0000000088300000| Untracked 
| 132|0x0000000088400000, 0x0000000088400000, 0x0000000088500000|  0%| F|  |TAMS 0x0000000088400000, 0x0000000088400000| Untracked 
| 133|0x0000000088500000, 0x0000000088500000, 0x0000000088600000|  0%| F|  |TAMS 0x0000000088500000, 0x0000000088500000| Untracked 
| 134|0x0000000088600000, 0x0000000088600000, 0x0000000088700000|  0%| F|  |TAMS 0x0000000088600000, 0x0000000088600000| Untracked 
| 135|0x0000000088700000, 0x0000000088700000, 0x0000000088800000|  0%| F|  |TAMS 0x0000000088700000, 0x0000000088700000| Untracked 
| 136|0x0000000088800000, 0x0000000088800000, 0x0000000088900000|  0%| F|  |TAMS 0x0000000088800000, 0x0000000088800000| Untracked 
| 137|0x0000000088900000, 0x0000000088900000, 0x0000000088a00000|  0%| F|  |TAMS 0x0000000088900000, 0x0000000088900000| Untracked 
| 138|0x0000000088a00000, 0x0000000088a00000, 0x0000000088b00000|  0%| F|  |TAMS 0x0000000088a00000, 0x0000000088a00000| Untracked 
| 139|0x0000000088b00000, 0x0000000088b00000, 0x0000000088c00000|  0%| F|  |TAMS 0x0000000088b00000, 0x0000000088b00000| Untracked 
| 140|0x0000000088c00000, 0x0000000088c00000, 0x0000000088d00000|  0%| F|  |TAMS 0x0000000088c00000, 0x0000000088c00000| Untracked 
| 141|0x0000000088d00000, 0x0000000088d00000, 0x0000000088e00000|  0%| F|  |TAMS 0x0000000088d00000, 0x0000000088d00000| Untracked 
| 142|0x0000000088e00000, 0x0000000088e00000, 0x0000000088f00000|  0%| F|  |TAMS 0x0000000088e00000, 0x0000000088e00000| Untracked 
| 143|0x0000000088f00000, 0x0000000088f00000, 0x0000000089000000|  0%| F|  |TAMS 0x0000000088f00000, 0x0000000088f00000| Untracked 
| 144|0x0000000089000000, 0x0000000089000000, 0x0000000089100000|  0%| F|  |TAMS 0x0000000089000000, 0x0000000089000000| Untracked 
| 145|0x0000000089100000, 0x0000000089100000, 0x0000000089200000|  0%| F|  |TAMS 0x0000000089100000, 0x0000000089100000| Untracked 
| 146|0x0000000089200000, 0x0000000089200000, 0x0000000089300000|  0%| F|  |TAMS 0x0000000089200000, 0x0000000089200000| Untracked 
| 147|0x0000000089300000, 0x0000000089300000, 0x0000000089400000|  0%| F|  |TAMS 0x0000000089300000, 0x0000000089300000| Untracked 
| 148|0x0000000089400000, 0x0000000089400000, 0x0000000089500000|  0%| F|  |TAMS 0x0000000089400000, 0x0000000089400000| Untracked 
| 149|0x0000000089500000, 0x0000000089500000, 0x0000000089600000|  0%| F|  |TAMS 0x0000000089500000, 0x0000000089500000| Untracked 
| 150|0x0000000089600000, 0x0000000089600000, 0x0000000089700000|  0%| F|  |TAMS 0x0000000089600000, 0x0000000089600000| Untracked 
| 151|0x0000000089700000, 0x0000000089700000, 0x0000000089800000|  0%| F|  |TAMS 0x0000000089700000, 0x0000000089700000| Untracked 
| 152|0x0000000089800000, 0x0000000089800000, 0x0000000089900000|  0%| F|  |TAMS 0x0000000089800000, 0x0000000089800000| Untracked 
| 153|0x0000000089900000, 0x0000000089900000, 0x0000000089a00000|  0%| F|  |TAMS 0x0000000089900000, 0x0000000089900000| Untracked 
| 154|0x0000000089a00000, 0x0000000089a00000, 0x0000000089b00000|  0%| F|  |TAMS 0x0000000089a00000, 0x0000000089a00000| Untracked 
| 155|0x0000000089b00000, 0x0000000089b00000, 0x0000000089c00000|  0%| F|  |TAMS 0x0000000089b00000, 0x0000000089b00000| Untracked 
| 156|0x0000000089c00000, 0x0000000089c00000, 0x0000000089d00000|  0%| F|  |TAMS 0x0000000089c00000, 0x0000000089c00000| Untracked 
| 157|0x0000000089d00000, 0x0000000089d00000, 0x0000000089e00000|  0%| F|  |TAMS 0x0000000089d00000, 0x0000000089d00000| Untracked 
| 158|0x0000000089e00000, 0x0000000089e00000, 0x0000000089f00000|  0%| F|  |TAMS 0x0000000089e00000, 0x0000000089e00000| Untracked 
| 159|0x0000000089f00000, 0x0000000089f00000, 0x000000008a000000|  0%| F|  |TAMS 0x0000000089f00000, 0x0000000089f00000| Untracked 
| 160|0x000000008a000000, 0x000000008a000000, 0x000000008a100000|  0%| F|  |TAMS 0x000000008a000000, 0x000000008a000000| Untracked 
| 161|0x000000008a100000, 0x000000008a100000, 0x000000008a200000|  0%| F|  |TAMS 0x000000008a100000, 0x000000008a100000| Untracked 
| 162|0x000000008a200000, 0x000000008a200000, 0x000000008a300000|  0%| F|  |TAMS 0x000000008a200000, 0x000000008a200000| Untracked 
| 163|0x000000008a300000, 0x000000008a300000, 0x000000008a400000|  0%| F|  |TAMS 0x000000008a300000, 0x000000008a300000| Untracked 
| 164|0x000000008a400000, 0x000000008a400000, 0x000000008a500000|  0%| F|  |TAMS 0x000000008a400000, 0x000000008a400000| Untracked 
| 165|0x000000008a500000, 0x000000008a500000, 0x000000008a600000|  0%| F|  |TAMS 0x000000008a500000, 0x000000008a500000| Untracked 
| 166|0x000000008a600000, 0x000000008a6e15c0, 0x000000008a700000| 88%| S|CS|TAMS 0x000000008a600000, 0x000000008a600000| Complete 
| 167|0x000000008a700000, 0x000000008a800000, 0x000000008a800000|100%| S|CS|TAMS 0x000000008a700000, 0x000000008a700000| Complete 
| 168|0x000000008a800000, 0x000000008a900000, 0x000000008a900000|100%| S|CS|TAMS 0x000000008a800000, 0x000000008a800000| Complete 
| 169|0x000000008a900000, 0x000000008aa00000, 0x000000008aa00000|100%| S|CS|TAMS 0x000000008a900000, 0x000000008a900000| Complete 
| 170|0x000000008aa00000, 0x000000008ab00000, 0x000000008ab00000|100%| S|CS|TAMS 0x000000008aa00000, 0x000000008aa00000| Complete 
| 171|0x000000008ab00000, 0x000000008ac00000, 0x000000008ac00000|100%| S|CS|TAMS 0x000000008ab00000, 0x000000008ab00000| Complete 
| 172|0x000000008ac00000, 0x000000008ad00000, 0x000000008ad00000|100%| S|CS|TAMS 0x000000008ac00000, 0x000000008ac00000| Complete 
| 173|0x000000008ad00000, 0x000000008ae00000, 0x000000008ae00000|100%| S|CS|TAMS 0x000000008ad00000, 0x000000008ad00000| Complete 
| 174|0x000000008ae00000, 0x000000008af00000, 0x000000008af00000|100%| S|CS|TAMS 0x000000008ae00000, 0x000000008ae00000| Complete 
| 175|0x000000008af00000, 0x000000008b000000, 0x000000008b000000|100%| S|CS|TAMS 0x000000008af00000, 0x000000008af00000| Complete 
| 176|0x000000008b000000, 0x000000008b000000, 0x000000008b100000|  0%| F|  |TAMS 0x000000008b000000, 0x000000008b000000| Untracked 
| 177|0x000000008b100000, 0x000000008b100000, 0x000000008b200000|  0%| F|  |TAMS 0x000000008b100000, 0x000000008b100000| Untracked 
| 178|0x000000008b200000, 0x000000008b200000, 0x000000008b300000|  0%| F|  |TAMS 0x000000008b200000, 0x000000008b200000| Untracked 
| 179|0x000000008b300000, 0x000000008b300000, 0x000000008b400000|  0%| F|  |TAMS 0x000000008b300000, 0x000000008b300000| Untracked 
| 180|0x000000008b400000, 0x000000008b400000, 0x000000008b500000|  0%| F|  |TAMS 0x000000008b400000, 0x000000008b400000| Untracked 
| 181|0x000000008b500000, 0x000000008b500000, 0x000000008b600000|  0%| F|  |TAMS 0x000000008b500000, 0x000000008b500000| Untracked 
| 182|0x000000008b600000, 0x000000008b600000, 0x000000008b700000|  0%| F|  |TAMS 0x000000008b600000, 0x000000008b600000| Untracked 
| 183|0x000000008b700000, 0x000000008b700000, 0x000000008b800000|  0%| F|  |TAMS 0x000000008b700000, 0x000000008b700000| Untracked 
| 184|0x000000008b800000, 0x000000008b800000, 0x000000008b900000|  0%| F|  |TAMS 0x000000008b800000, 0x000000008b800000| Untracked 
| 185|0x000000008b900000, 0x000000008b900000, 0x000000008ba00000|  0%| F|  |TAMS 0x000000008b900000, 0x000000008b900000| Untracked 
| 186|0x000000008ba00000, 0x000000008ba00000, 0x000000008bb00000|  0%| F|  |TAMS 0x000000008ba00000, 0x000000008ba00000| Untracked 
| 187|0x000000008bb00000, 0x000000008bb00000, 0x000000008bc00000|  0%| F|  |TAMS 0x000000008bb00000, 0x000000008bb00000| Untracked 
| 188|0x000000008bc00000, 0x000000008bc00000, 0x000000008bd00000|  0%| F|  |TAMS 0x000000008bc00000, 0x000000008bc00000| Untracked 
| 189|0x000000008bd00000, 0x000000008bd00000, 0x000000008be00000|  0%| F|  |TAMS 0x000000008bd00000, 0x000000008bd00000| Untracked 
| 190|0x000000008be00000, 0x000000008be00000, 0x000000008bf00000|  0%| F|  |TAMS 0x000000008be00000, 0x000000008be00000| Untracked 
| 191|0x000000008bf00000, 0x000000008bf00000, 0x000000008c000000|  0%| F|  |TAMS 0x000000008bf00000, 0x000000008bf00000| Untracked 
| 192|0x000000008c000000, 0x000000008c000000, 0x000000008c100000|  0%| F|  |TAMS 0x000000008c000000, 0x000000008c000000| Untracked 
| 193|0x000000008c100000, 0x000000008c100000, 0x000000008c200000|  0%| F|  |TAMS 0x000000008c100000, 0x000000008c100000| Untracked 
| 194|0x000000008c200000, 0x000000008c200000, 0x000000008c300000|  0%| F|  |TAMS 0x000000008c200000, 0x000000008c200000| Untracked 
| 195|0x000000008c300000, 0x000000008c300000, 0x000000008c400000|  0%| F|  |TAMS 0x000000008c300000, 0x000000008c300000| Untracked 
| 196|0x000000008c400000, 0x000000008c400000, 0x000000008c500000|  0%| F|  |TAMS 0x000000008c400000, 0x000000008c400000| Untracked 
| 197|0x000000008c500000, 0x000000008c500000, 0x000000008c600000|  0%| F|  |TAMS 0x000000008c500000, 0x000000008c500000| Untracked 
| 198|0x000000008c600000, 0x000000008c600000, 0x000000008c700000|  0%| F|  |TAMS 0x000000008c600000, 0x000000008c600000| Untracked 
| 199|0x000000008c700000, 0x000000008c700000, 0x000000008c800000|  0%| F|  |TAMS 0x000000008c700000, 0x000000008c700000| Untracked 
| 200|0x000000008c800000, 0x000000008c800000, 0x000000008c900000|  0%| F|  |TAMS 0x000000008c800000, 0x000000008c800000| Untracked 
| 201|0x000000008c900000, 0x000000008c900000, 0x000000008ca00000|  0%| F|  |TAMS 0x000000008c900000, 0x000000008c900000| Untracked 
| 202|0x000000008ca00000, 0x000000008ca00000, 0x000000008cb00000|  0%| F|  |TAMS 0x000000008ca00000, 0x000000008ca00000| Untracked 
| 203|0x000000008cb00000, 0x000000008cb00000, 0x000000008cc00000|  0%| F|  |TAMS 0x000000008cb00000, 0x000000008cb00000| Untracked 
| 204|0x000000008cc00000, 0x000000008cc00000, 0x000000008cd00000|  0%| F|  |TAMS 0x000000008cc00000, 0x000000008cc00000| Untracked 
| 205|0x000000008cd00000, 0x000000008cd00000, 0x000000008ce00000|  0%| F|  |TAMS 0x000000008cd00000, 0x000000008cd00000| Untracked 
| 206|0x000000008ce00000, 0x000000008ce00000, 0x000000008cf00000|  0%| F|  |TAMS 0x000000008ce00000, 0x000000008ce00000| Untracked 
| 207|0x000000008cf00000, 0x000000008cf00000, 0x000000008d000000|  0%| F|  |TAMS 0x000000008cf00000, 0x000000008cf00000| Untracked 
| 208|0x000000008d000000, 0x000000008d000000, 0x000000008d100000|  0%| F|  |TAMS 0x000000008d000000, 0x000000008d000000| Untracked 
| 209|0x000000008d100000, 0x000000008d100000, 0x000000008d200000|  0%| F|  |TAMS 0x000000008d100000, 0x000000008d100000| Untracked 
| 210|0x000000008d200000, 0x000000008d200000, 0x000000008d300000|  0%| F|  |TAMS 0x000000008d200000, 0x000000008d200000| Untracked 
| 211|0x000000008d300000, 0x000000008d300000, 0x000000008d400000|  0%| F|  |TAMS 0x000000008d300000, 0x000000008d300000| Untracked 
| 212|0x000000008d400000, 0x000000008d400000, 0x000000008d500000|  0%| F|  |TAMS 0x000000008d400000, 0x000000008d400000| Untracked 
| 213|0x000000008d500000, 0x000000008d500000, 0x000000008d600000|  0%| F|  |TAMS 0x000000008d500000, 0x000000008d500000| Untracked 
| 214|0x000000008d600000, 0x000000008d600000, 0x000000008d700000|  0%| F|  |TAMS 0x000000008d600000, 0x000000008d600000| Untracked 
| 215|0x000000008d700000, 0x000000008d700000, 0x000000008d800000|  0%| F|  |TAMS 0x000000008d700000, 0x000000008d700000| Untracked 
| 216|0x000000008d800000, 0x000000008d800000, 0x000000008d900000|  0%| F|  |TAMS 0x000000008d800000, 0x000000008d800000| Untracked 
| 217|0x000000008d900000, 0x000000008d900000, 0x000000008da00000|  0%| F|  |TAMS 0x000000008d900000, 0x000000008d900000| Untracked 
| 218|0x000000008da00000, 0x000000008da00000, 0x000000008db00000|  0%| F|  |TAMS 0x000000008da00000, 0x000000008da00000| Untracked 
| 219|0x000000008db00000, 0x000000008db00000, 0x000000008dc00000|  0%| F|  |TAMS 0x000000008db00000, 0x000000008db00000| Untracked 
| 220|0x000000008dc00000, 0x000000008dc00000, 0x000000008dd00000|  0%| F|  |TAMS 0x000000008dc00000, 0x000000008dc00000| Untracked 
| 221|0x000000008dd00000, 0x000000008dd00000, 0x000000008de00000|  0%| F|  |TAMS 0x000000008dd00000, 0x000000008dd00000| Untracked 
| 222|0x000000008de00000, 0x000000008de00000, 0x000000008df00000|  0%| F|  |TAMS 0x000000008de00000, 0x000000008de00000| Untracked 
| 223|0x000000008df00000, 0x000000008df00000, 0x000000008e000000|  0%| F|  |TAMS 0x000000008df00000, 0x000000008df00000| Untracked 
| 224|0x000000008e000000, 0x000000008e000000, 0x000000008e100000|  0%| F|  |TAMS 0x000000008e000000, 0x000000008e000000| Untracked 
| 225|0x000000008e100000, 0x000000008e100000, 0x000000008e200000|  0%| F|  |TAMS 0x000000008e100000, 0x000000008e100000| Untracked 
| 226|0x000000008e200000, 0x000000008e200000, 0x000000008e300000|  0%| F|  |TAMS 0x000000008e200000, 0x000000008e200000| Untracked 
| 227|0x000000008e300000, 0x000000008e300000, 0x000000008e400000|  0%| F|  |TAMS 0x000000008e300000, 0x000000008e300000| Untracked 
| 228|0x000000008e400000, 0x000000008e400000, 0x000000008e500000|  0%| F|  |TAMS 0x000000008e400000, 0x000000008e400000| Untracked 
| 229|0x000000008e500000, 0x000000008e500000, 0x000000008e600000|  0%| F|  |TAMS 0x000000008e500000, 0x000000008e500000| Untracked 
| 230|0x000000008e600000, 0x000000008e600000, 0x000000008e700000|  0%| F|  |TAMS 0x000000008e600000, 0x000000008e600000| Untracked 
| 231|0x000000008e700000, 0x000000008e700000, 0x000000008e800000|  0%| F|  |TAMS 0x000000008e700000, 0x000000008e700000| Untracked 
| 232|0x000000008e800000, 0x000000008e800000, 0x000000008e900000|  0%| F|  |TAMS 0x000000008e800000, 0x000000008e800000| Untracked 
| 233|0x000000008e900000, 0x000000008e900000, 0x000000008ea00000|  0%| F|  |TAMS 0x000000008e900000, 0x000000008e900000| Untracked 
| 234|0x000000008ea00000, 0x000000008ea00000, 0x000000008eb00000|  0%| F|  |TAMS 0x000000008ea00000, 0x000000008ea00000| Untracked 
| 235|0x000000008eb00000, 0x000000008eb00000, 0x000000008ec00000|  0%| F|  |TAMS 0x000000008eb00000, 0x000000008eb00000| Untracked 
| 236|0x000000008ec00000, 0x000000008ec00000, 0x000000008ed00000|  0%| F|  |TAMS 0x000000008ec00000, 0x000000008ec00000| Untracked 
| 237|0x000000008ed00000, 0x000000008ed00000, 0x000000008ee00000|  0%| F|  |TAMS 0x000000008ed00000, 0x000000008ed00000| Untracked 
| 238|0x000000008ee00000, 0x000000008ee00000, 0x000000008ef00000|  0%| F|  |TAMS 0x000000008ee00000, 0x000000008ee00000| Untracked 
| 239|0x000000008ef00000, 0x000000008ef00000, 0x000000008f000000|  0%| F|  |TAMS 0x000000008ef00000, 0x000000008ef00000| Untracked 
| 240|0x000000008f000000, 0x000000008f000000, 0x000000008f100000|  0%| F|  |TAMS 0x000000008f000000, 0x000000008f000000| Untracked 
| 241|0x000000008f100000, 0x000000008f100000, 0x000000008f200000|  0%| F|  |TAMS 0x000000008f100000, 0x000000008f100000| Untracked 
| 242|0x000000008f200000, 0x000000008f300000, 0x000000008f300000|100%| E|  |TAMS 0x000000008f200000, 0x000000008f200000| Complete 
| 243|0x000000008f300000, 0x000000008f400000, 0x000000008f400000|100%| E|CS|TAMS 0x000000008f300000, 0x000000008f300000| Complete 
| 244|0x000000008f400000, 0x000000008f500000, 0x000000008f500000|100%| E|CS|TAMS 0x000000008f400000, 0x000000008f400000| Complete 
| 245|0x000000008f500000, 0x000000008f600000, 0x000000008f600000|100%| E|CS|TAMS 0x000000008f500000, 0x000000008f500000| Complete 
| 246|0x000000008f600000, 0x000000008f700000, 0x000000008f700000|100%| E|CS|TAMS 0x000000008f600000, 0x000000008f600000| Complete 
| 247|0x000000008f700000, 0x000000008f800000, 0x000000008f800000|100%| E|CS|TAMS 0x000000008f700000, 0x000000008f700000| Complete 
| 248|0x000000008f800000, 0x000000008f900000, 0x000000008f900000|100%| E|CS|TAMS 0x000000008f800000, 0x000000008f800000| Complete 
| 249|0x000000008f900000, 0x000000008fa00000, 0x000000008fa00000|100%| E|CS|TAMS 0x000000008f900000, 0x000000008f900000| Complete 
| 250|0x000000008fa00000, 0x000000008fb00000, 0x000000008fb00000|100%| E|CS|TAMS 0x000000008fa00000, 0x000000008fa00000| Complete 
| 251|0x000000008fb00000, 0x000000008fc00000, 0x000000008fc00000|100%| E|CS|TAMS 0x000000008fb00000, 0x000000008fb00000| Complete 
| 252|0x000000008fc00000, 0x000000008fd00000, 0x000000008fd00000|100%| E|CS|TAMS 0x000000008fc00000, 0x000000008fc00000| Complete 
| 253|0x000000008fd00000, 0x000000008fe00000, 0x000000008fe00000|100%| E|CS|TAMS 0x000000008fd00000, 0x000000008fd00000| Complete 
| 254|0x000000008fe00000, 0x000000008ff00000, 0x000000008ff00000|100%| E|CS|TAMS 0x000000008fe00000, 0x000000008fe00000| Complete 
| 255|0x000000008ff00000, 0x0000000090000000, 0x0000000090000000|100%| E|CS|TAMS 0x000000008ff00000, 0x000000008ff00000| Complete 

Card table byte_map: [0x000001ad49cc0000,0x000001ad4a0c0000] _byte_map_base: 0x000001ad498c0000

Marking Bits (Prev, Next): (CMBitMap*) 0x000001ad36a2ccc0, (CMBitMap*) 0x000001ad36a2cc88
 Prev Bits: [0x000001ad4c4c0000, 0x000001ad4e4c0000)
 Next Bits: [0x000001ad4a4c0000, 0x000001ad4c4c0000)

Polling page: 0x000001ad34990000

Metaspace:

Usage:
  Non-class:     19.04 MB capacity,    18.74 MB ( 98%) used,   265.73 KB (  1%) free+waste,    38.06 KB ( <1%) overhead. 
      Class:      2.81 MB capacity,     2.62 MB ( 93%) used,   178.13 KB (  6%) free+waste,    18.81 KB ( <1%) overhead. 
       Both:     21.85 MB capacity,    21.36 MB ( 98%) used,   443.86 KB (  2%) free+waste,    56.88 KB ( <1%) overhead. 

Virtual space:
  Non-class space:       20.00 MB reserved,      19.25 MB ( 96%) committed 
      Class space:        1.00 GB reserved,       2.88 MB ( <1%) committed 
             Both:        1.02 GB reserved,      22.13 MB (  2%) committed 

Chunk freelists:
   Non-Class:  23.00 KB
       Class:  4.00 KB
        Both:  27.00 KB

MaxMetaspaceSize: 17179869184.00 GB
CompressedClassSpaceSize: 1.00 GB

CodeHeap 'non-profiled nmethods': size=120000Kb used=720Kb max_used=720Kb free=119279Kb
 bounds [0x000001ad41e40000, 0x000001ad420b0000, 0x000001ad49370000]
CodeHeap 'profiled nmethods': size=120000Kb used=3434Kb max_used=3434Kb free=116565Kb
 bounds [0x000001ad3a910000, 0x000001ad3ac80000, 0x000001ad41e40000]
CodeHeap 'non-nmethods': size=5760Kb used=1127Kb max_used=1139Kb free=4632Kb
 bounds [0x000001ad3a370000, 0x000001ad3a5e0000, 0x000001ad3a910000]
 total_blobs=2141 nmethods=1678 adapters=374
 compilation: enabled
              stopped_count=0, restarted_count=0
 full_count=0

Compilation events (20 events):
Event: 2.208 Thread 0x000001ad51a09800 1876       3       org.gradle.internal.service.DefaultServiceRegistry$FactoryMethodService::<init> (22 bytes)
Event: 2.208 Thread 0x000001ad51a09800 nmethod 1876 0x000001ad3abb6590 code [0x000001ad3abb67e0, 0x000001ad3abb7228]
Event: 2.208 Thread 0x000001ad51a09800 1875       3       org.gradle.internal.service.AbstractServiceMethod::<init> (42 bytes)
Event: 2.209 Thread 0x000001ad51a09800 nmethod 1875 0x000001ad3ac62a10 code [0x000001ad3ac62d80, 0x000001ad3ac648a8]
Event: 2.209 Thread 0x000001ad51a09800 1872       3       java.lang.reflect.Method::hasGenericInformation (13 bytes)
Event: 2.209 Thread 0x000001ad51a09800 nmethod 1872 0x000001ad3a9aae10 code [0x000001ad3a9aafc0, 0x000001ad3a9ab138]
Event: 2.209 Thread 0x000001ad51a09800 1873       3       java.lang.reflect.Method::getGenericReturnType (20 bytes)
Event: 2.210 Thread 0x000001ad51a09800 nmethod 1873 0x000001ad3ac65090 code [0x000001ad3ac65340, 0x000001ad3ac663f8]
Event: 2.218 Thread 0x000001ad51a09800 1878       3       sun.reflect.generics.parser.SignatureParser::parsePackageNameAndSimpleClassTypeSignature (119 bytes)
Event: 2.219 Thread 0x000001ad51a09800 nmethod 1878 0x000001ad3ac66910 code [0x000001ad3ac66c60, 0x000001ad3ac67d08]
Event: 2.219 Thread 0x000001ad51a09800 1877       3       sun.reflect.generics.parser.SignatureParser::parseClassTypeSignature (118 bytes)
Event: 2.221 Thread 0x000001ad51a09800 nmethod 1877 0x000001ad3ac68310 code [0x000001ad3ac68740, 0x000001ad3ac69ff8]
Event: 2.221 Thread 0x000001ad51a09800 1879       3       java.lang.Package$VersionInfo::<init> (44 bytes)
Event: 2.221 Thread 0x000001ad51a09800 nmethod 1879 0x000001ad3a9e3810 code [0x000001ad3a9e39e0, 0x000001ad3a9e3dd8]
Event: 2.223 Thread 0x000001ad51a09800 1880       3       jdk.internal.reflect.ReflectionFactory::copyConstructor (10 bytes)
Event: 2.223 Thread 0x000001ad51a09800 nmethod 1880 0x000001ad3a9ea810 code [0x000001ad3a9eaa00, 0x000001ad3a9ead08]
Event: 2.223 Thread 0x000001ad51a09800 1881       3       java.lang.reflect.ReflectAccess::copyConstructor (5 bytes)
Event: 2.223 Thread 0x000001ad51a09800 nmethod 1881 0x000001ad3a990f90 code [0x000001ad3a991140, 0x000001ad3a991268]
Event: 2.225 Thread 0x000001ad51a09800 1882       3       java.util.LinkedList$ListItr::<init> (47 bytes)
Event: 2.226 Thread 0x000001ad51a09800 nmethod 1882 0x000001ad3aaf9490 code [0x000001ad3aaf9660, 0x000001ad3aaf9948]

GC Heap History (4 events):
Event: 0.721 GC heap before
{Heap before GC invocations=0 (full 0):
 garbage-first heap   total 262144K, used 29696K [0x0000000080000000, 0x0000000100000000)
  region size 1024K, 24 young (24576K), 0 survivors (0K)
 Metaspace       used 10439K, capacity 10708K, committed 11008K, reserved 1058816K
  class space    used 1101K, capacity 1164K, committed 1280K, reserved 1048576K
}
Event: 0.724 GC heap after
{Heap after GC invocations=1 (full 0):
 garbage-first heap   total 262144K, used 8472K [0x0000000080000000, 0x0000000100000000)
  region size 1024K, 3 young (3072K), 3 survivors (3072K)
 Metaspace       used 10439K, capacity 10708K, committed 11008K, reserved 1058816K
  class space    used 1101K, capacity 1164K, committed 1280K, reserved 1048576K
}
Event: 2.111 GC heap before
{Heap before GC invocations=1 (full 0):
 garbage-first heap   total 262144K, used 86296K [0x0000000080000000, 0x0000000100000000)
  region size 1024K, 80 young (81920K), 3 survivors (3072K)
 Metaspace       used 20561K, capacity 20990K, committed 21248K, reserved 1069056K
  class space    used 2420K, capacity 2541K, committed 2560K, reserved 1048576K
}
Event: 2.117 GC heap after
{Heap after GC invocations=2 (full 0):
 garbage-first heap   total 262144K, used 15517K [0x0000000080000000, 0x0000000100000000)
  region size 1024K, 10 young (10240K), 10 survivors (10240K)
 Metaspace       used 20561K, capacity 20990K, committed 21248K, reserved 1069056K
  class space    used 2420K, capacity 2541K, committed 2560K, reserved 1048576K
}

Deoptimization events (20 events):
Event: 2.012 Thread 0x000001ad52bdc800 Uncommon trap: trap_request=0xffffff4d fr.pc=0x000001ad41e5854c relative=0x000000000000042c
Event: 2.012 Thread 0x000001ad52bdc800 Uncommon trap: reason=unstable_if action=reinterpret pc=0x000001ad41e5854c method=java.util.regex.Matcher.match(II)Z @ 76 c2
Event: 2.012 Thread 0x000001ad52bdc800 DEOPT PACKING pc=0x000001ad41e5854c sp=0x00000016a34faaa0
Event: 2.012 Thread 0x000001ad52bdc800 DEOPT UNPACKING pc=0x000001ad3a3974af sp=0x00000016a34faa70 mode 2
Event: 2.051 Thread 0x000001ad52bdc800 Uncommon trap: trap_request=0xffffff4d fr.pc=0x000001ad41ea8c10 relative=0x0000000000000b70
Event: 2.051 Thread 0x000001ad52bdc800 Uncommon trap: reason=unstable_if action=reinterpret pc=0x000001ad41ea8c10 method=java.util.Properties$LineReader.readLine()I @ 249 c2
Event: 2.051 Thread 0x000001ad52bdc800 DEOPT PACKING pc=0x000001ad41ea8c10 sp=0x00000016a34fc100
Event: 2.051 Thread 0x000001ad52bdc800 DEOPT UNPACKING pc=0x000001ad3a3974af sp=0x00000016a34fc090 mode 2
Event: 2.092 Thread 0x000001ad52bdc800 Uncommon trap: trap_request=0xffffffc6 fr.pc=0x000001ad41ea6824 relative=0x0000000000000084
Event: 2.092 Thread 0x000001ad52bdc800 Uncommon trap: reason=bimorphic_or_optimized_type_check action=maybe_recompile pc=0x000001ad41ea6824 method=java.util.AbstractList$Itr.hasNext()Z @ 8 c2
Event: 2.092 Thread 0x000001ad52bdc800 DEOPT PACKING pc=0x000001ad41ea6824 sp=0x00000016a34fb9b0
Event: 2.092 Thread 0x000001ad52bdc800 DEOPT UNPACKING pc=0x000001ad3a3974af sp=0x00000016a34fb948 mode 2
Event: 2.092 Thread 0x000001ad52bdc800 Uncommon trap: trap_request=0xffffffc6 fr.pc=0x000001ad41ea6bf4 relative=0x0000000000000134
Event: 2.092 Thread 0x000001ad52bdc800 Uncommon trap: reason=bimorphic_or_optimized_type_check action=maybe_recompile pc=0x000001ad41ea6bf4 method=java.util.AbstractList$Itr.next()Ljava/lang/Object; @ 14 c2
Event: 2.092 Thread 0x000001ad52bdc800 DEOPT PACKING pc=0x000001ad41ea6bf4 sp=0x00000016a34fb9a0
Event: 2.092 Thread 0x000001ad52bdc800 DEOPT UNPACKING pc=0x000001ad3a3974af sp=0x00000016a34fb938 mode 2
Event: 2.092 Thread 0x000001ad52bdc800 Uncommon trap: trap_request=0xffffff4d fr.pc=0x000001ad41e9d310 relative=0x0000000000000450
Event: 2.092 Thread 0x000001ad52bdc800 Uncommon trap: reason=unstable_if action=reinterpret pc=0x000001ad41e9d310 method=java.lang.String.substring(I)Ljava/lang/String; @ 34 c2
Event: 2.092 Thread 0x000001ad52bdc800 DEOPT PACKING pc=0x000001ad41e9d310 sp=0x00000016a34fc2f0
Event: 2.092 Thread 0x000001ad52bdc800 DEOPT UNPACKING pc=0x000001ad3a3974af sp=0x00000016a34fc2c8 mode 2

Classes redefined (0 events):
No events

Internal exceptions (20 events):
Event: 1.280 Thread 0x000001ad369e9000 Exception <a 'java/lang/NoSuchMethodError'{0x000000008d16feb0}: 'void java.lang.invoke.DelegatingMethodHandle$Holder.delegate(java.lang.Object, java.lang.Object, int, java.lang.Object)'> (0x000000008d16feb0) thrown at [./src/hotspot/share/interpreter/linkResolver.cpp, line 773]
Event: 1.326 Thread 0x000001ad369e9000 Exception <a 'java/lang/NoSuchMethodError'{0x000000008cecd378}: 'java.lang.Object java.lang.invoke.DirectMethodHandle$Holder.invokeStaticInit(java.lang.Object, int, int, int, int)'> (0x000000008cecd378) thrown at [./src/hotspot/share/interpreter/linkResolver.cpp, line 773]
Event: 1.497 Thread 0x000001ad369e9000 Exception <a 'java/lang/NoSuchMethodError'{0x000000008cd19440}: 'java.lang.Object java.lang.invoke.DirectMethodHandle$Holder.invokeStaticInit(java.lang.Object, java.lang.Object, int, int, int, int)'> (0x000000008cd19440) thrown at [./src/hotspot/share/interpreter/linkResolver.cpp, line 773]
Event: 1.755 Thread 0x000001ad369e9000 Exception <a 'java/io/IOException'{0x000000008cb05860}> (0x000000008cb05860) thrown at [./src/hotspot/share/prims/jni.cpp, line 615]
Event: 1.798 Thread 0x000001ad533e0000 Exception <a 'java/lang/NoSuchMethodError'{0x000000008c9a07a0}: <clinit>> (0x000000008c9a07a0) thrown at [./src/hotspot/share/prims/jni.cpp, line 1362]
Event: 1.799 Thread 0x000001ad533e0000 Exception <a 'java/lang/NoSuchMethodError'{0x000000008c9a9078}: <clinit>> (0x000000008c9a9078) thrown at [./src/hotspot/share/prims/jni.cpp, line 1362]
Event: 1.804 Thread 0x000001ad533e0000 Exception <a 'java/lang/NoSuchMethodError'{0x000000008c9b8750}: <clinit>> (0x000000008c9b8750) thrown at [./src/hotspot/share/prims/jni.cpp, line 1362]
Event: 1.812 Thread 0x000001ad533e0000 Exception <a 'java/lang/NoSuchMethodError'{0x000000008c80a6d0}: <clinit>> (0x000000008c80a6d0) thrown at [./src/hotspot/share/prims/jni.cpp, line 1362]
Event: 1.816 Thread 0x000001ad533e0000 Exception <a 'java/lang/NoSuchMethodError'{0x000000008c845b38}: <clinit>> (0x000000008c845b38) thrown at [./src/hotspot/share/prims/jni.cpp, line 1362]
Event: 1.820 Thread 0x000001ad533e0000 Exception <a 'java/lang/NoSuchMethodError'{0x000000008c878358}: <clinit>> (0x000000008c878358) thrown at [./src/hotspot/share/prims/jni.cpp, line 1362]
Event: 1.821 Thread 0x000001ad533e0000 Exception <a 'java/lang/NoSuchMethodError'{0x000000008c883948}: <clinit>> (0x000000008c883948) thrown at [./src/hotspot/share/prims/jni.cpp, line 1362]
Event: 1.861 Thread 0x000001ad52bdc800 Exception <a 'java/lang/NoSuchMethodError'{0x000000008c54e358}: 'void java.lang.invoke.DelegatingMethodHandle$Holder.reinvoke_L(java.lang.Object, java.lang.Object, java.lang.Object, java.lang.Object)'> (0x000000008c54e358) thrown at [./src/hotspot/share/interpreter/linkResolver.cpp, line 773]
Event: 1.865 Thread 0x000001ad52bdc800 Exception <a 'java/lang/NoSuchMethodError'{0x000000008c589220}: 'long java.lang.invoke.DirectMethodHandle$Holder.invokeInterface(java.lang.Object, java.lang.Object)'> (0x000000008c589220) thrown at [./src/hotspot/share/interpreter/linkResolver.cpp, line 773]
Event: 1.867 Thread 0x000001ad52bdc800 Exception <a 'java/lang/NoSuchMethodError'{0x000000008c5a88f8}: 'void java.lang.invoke.DelegatingMethodHandle$Holder.reinvoke_L(java.lang.Object, java.lang.Object, java.lang.Object, java.lang.Object, java.lang.Object, java.lang.Object, java.lang.Object)'> (0x000000008c5a88f8) thrown at [./src/hotspot/share/interpreter/linkResolver.cpp, line 773]
Event: 1.939 Thread 0x000001ad52bdc800 Exception <a 'java/lang/NoSuchMethodError'{0x000000008bd2c2a0}: 'java.lang.Object java.lang.invoke.DirectMethodHandle$Holder.invokeVirtual(java.lang.Object, java.lang.Object, java.lang.Object)'> (0x000000008bd2c2a0) thrown at [./src/hotspot/share/interpreter/linkResolver.cpp, line 773]
Event: 2.007 Thread 0x000001ad52bdc800 Exception <a 'java/lang/NoSuchMethodError'{0x000000008b75e938}: 'void java.lang.invoke.DirectMethodHandle$Holder.invokeStaticInit(java.lang.Object)'> (0x000000008b75e938) thrown at [./src/hotspot/share/interpreter/linkResolver.cpp, line 773]
Event: 2.135 Thread 0x000001ad52bdc800 Exception <a 'java/lang/NoSuchMethodError'{0x000000008ffb22a0}: 'int java.lang.invoke.DirectMethodHandle$Holder.invokeSpecialIFC(java.lang.Object, java.lang.Object, java.lang.Object, java.lang.Object)'> (0x000000008ffb22a0) thrown at [./src/hotspot/share/interpreter/linkResolver.cpp, line 773]
Event: 2.136 Thread 0x000001ad52bdc800 Exception <a 'java/lang/NoSuchMethodError'{0x000000008ffbfdb8}: 'java.lang.Object java.lang.invoke.DirectMethodHandle$Holder.invokeInterface(java.lang.Object, java.lang.Object, java.lang.Object)'> (0x000000008ffbfdb8) thrown at [./src/hotspot/share/interpreter/linkResolver.cpp, line 773]
Event: 2.137 Thread 0x000001ad52bdc800 Exception <a 'java/lang/IncompatibleClassChangeError'{0x000000008ffc2fe8}: Found class java.lang.Object, but interface was expected> (0x000000008ffc2fe8) thrown at [./src/hotspot/share/interpreter/linkResolver.cpp, line 839]
Event: 2.143 Thread 0x000001ad52bdc800 Exception <a 'java/lang/NoSuchMethodError'{0x000000008fe440a0}: 'void java.lang.invoke.DirectMethodHandle$Holder.invokeSpecial(java.lang.Object, java.lang.Object, java.lang.Object, java.lang.Object)'> (0x000000008fe440a0) thrown at [./src/hotspot/share/interpreter/linkResolver.cpp, line 773]

Events (20 events):
Event: 2.224 loading class org/gradle/api/publication/maven/internal/VersionRangeMapper
Event: 2.224 loading class org/gradle/api/publication/maven/internal/VersionRangeMapper done
Event: 2.224 loading class org/gradle/api/publish/maven/internal/publisher/MavenPublishers
Event: 2.224 loading class org/gradle/api/publish/maven/internal/publisher/MavenPublishers done
Event: 2.224 loading class org/gradle/api/publish/maven/internal/publisher/MavenDuplicatePublicationTracker
Event: 2.224 loading class org/gradle/api/publish/maven/internal/publisher/MavenDuplicatePublicationTracker done
Event: 2.225 loading class org/gradle/maven/MavenModule
Event: 2.225 loading class org/gradle/maven/MavenModule done
Event: 2.226 loading class org/gradle/maven/MavenPomArtifact
Event: 2.226 loading class org/gradle/maven/MavenPomArtifact done
Event: 2.226 loading class org/gradle/caching/configuration/internal/DefaultBuildCacheServiceRegistration
Event: 2.226 loading class org/gradle/caching/configuration/internal/DefaultBuildCacheServiceRegistration done
Event: 2.226 loading class org/gradle/caching/http/HttpBuildCache
Event: 2.226 loading class org/gradle/caching/http/HttpBuildCache done
Event: 2.226 loading class org/gradle/caching/configuration/AbstractBuildCache
Event: 2.226 loading class org/gradle/caching/configuration/AbstractBuildCache done
Event: 2.226 loading class org/gradle/caching/configuration/BuildCache
Event: 2.226 loading class org/gradle/caching/configuration/BuildCache done
Event: 2.226 loading class org/gradle/caching/http/internal/DefaultHttpBuildCacheServiceFactory
Event: 2.226 loading class org/gradle/caching/http/internal/DefaultHttpBuildCacheServiceFactory done


Dynamic libraries:
0x00007ff7edcc0000 - 0x00007ff7edcca000 	D:\Android Studio\jre\bin\java.exe
0x00007ffdb3610000 - 0x00007ffdb3805000 	C:\Windows\SYSTEM32\ntdll.dll
0x00007ffdb19d0000 - 0x00007ffdb1a8e000 	C:\Windows\System32\KERNEL32.DLL
0x00007ffdb0ed0000 - 0x00007ffdb1198000 	C:\Windows\System32\KERNELBASE.dll
0x00007ffdb1290000 - 0x00007ffdb1390000 	C:\Windows\System32\ucrtbase.dll
0x00007ffd7e880000 - 0x00007ffd7e899000 	D:\Android Studio\jre\bin\jli.dll
0x00007ffdb30a0000 - 0x00007ffdb3241000 	C:\Windows\System32\USER32.dll
0x00007ffdb1630000 - 0x00007ffdb1652000 	C:\Windows\System32\win32u.dll
0x00007ffd9aeb0000 - 0x00007ffd9b14a000 	C:\Windows\WinSxS\amd64_microsoft.windows.common-controls_6595b64144ccf1df_6.0.19041.1110_none_60b5254171f9507e\COMCTL32.dll
0x00007ffdb1b30000 - 0x00007ffdb1b5b000 	C:\Windows\System32\GDI32.dll
0x00007ffdb2080000 - 0x00007ffdb211e000 	C:\Windows\System32\msvcrt.dll
0x00007ffdb1520000 - 0x00007ffdb162b000 	C:\Windows\System32\gdi32full.dll
0x00007ffdb11f0000 - 0x00007ffdb128d000 	C:\Windows\System32\msvcp_win.dll
0x00007ffd7cec0000 - 0x00007ffd7ced7000 	D:\Android Studio\jre\bin\VCRUNTIME140.dll
0x00007ffdb1bc0000 - 0x00007ffdb1bf0000 	C:\Windows\System32\IMM32.DLL
0x00007ffd6c700000 - 0x00007ffd6c79d000 	D:\Android Studio\jre\bin\msvcp140.dll
0x00007ffd52330000 - 0x00007ffd52dec000 	D:\Android Studio\jre\bin\server\jvm.dll
0x00007ffdb3250000 - 0x00007ffdb32fc000 	C:\Windows\System32\ADVAPI32.dll
0x00007ffdb1a90000 - 0x00007ffdb1b2b000 	C:\Windows\System32\sechost.dll
0x00007ffdb3300000 - 0x00007ffdb342a000 	C:\Windows\System32\RPCRT4.dll
0x00007ffdb19c0000 - 0x00007ffdb19c8000 	C:\Windows\System32\PSAPI.DLL
0x00007ffd95db0000 - 0x00007ffd95db9000 	C:\Windows\SYSTEM32\WSOCK32.dll
0x00007ffd9e770000 - 0x00007ffd9e797000 	C:\Windows\SYSTEM32\WINMM.dll
0x00007ffdb26d0000 - 0x00007ffdb273b000 	C:\Windows\System32\WS2_32.dll
0x00007ffdae3d0000 - 0x00007ffdae3da000 	C:\Windows\SYSTEM32\VERSION.dll
0x00007ffdaf5b0000 - 0x00007ffdaf5c2000 	C:\Windows\SYSTEM32\kernel.appcore.dll
0x00007ffd8bc30000 - 0x00007ffd8bc41000 	D:\Android Studio\jre\bin\verify.dll
0x00007ffdaf2c0000 - 0x00007ffdaf4a4000 	C:\Windows\SYSTEM32\DBGHELP.DLL
0x00007ffd93f30000 - 0x00007ffd93f5c000 	C:\Windows\SYSTEM32\dbgcore.DLL
0x00007ffdb0e40000 - 0x00007ffdb0ec3000 	C:\Windows\System32\bcryptPrimitives.dll
0x00007ffd8b290000 - 0x00007ffd8b2b9000 	D:\Android Studio\jre\bin\java.dll
0x00007ffd8cf20000 - 0x00007ffd8cf2b000 	D:\Android Studio\jre\bin\jimage.dll
0x00007ffd8aee0000 - 0x00007ffd8aef8000 	D:\Android Studio\jre\bin\zip.dll
0x00007ffdb2960000 - 0x00007ffdb309f000 	C:\Windows\System32\SHELL32.dll
0x00007ffdaeb30000 - 0x00007ffdaf2c0000 	C:\Windows\SYSTEM32\windows.storage.dll
0x00007ffdb1660000 - 0x00007ffdb19b5000 	C:\Windows\System32\combase.dll
0x00007ffdb0780000 - 0x00007ffdb07ae000 	C:\Windows\SYSTEM32\Wldp.dll
0x00007ffdb1bf0000 - 0x00007ffdb1c9d000 	C:\Windows\System32\SHCORE.dll
0x00007ffdb3490000 - 0x00007ffdb34e5000 	C:\Windows\System32\shlwapi.dll
0x00007ffdb0c70000 - 0x00007ffdb0c8f000 	C:\Windows\SYSTEM32\profapi.dll
0x00007ffd85150000 - 0x00007ffd8516a000 	D:\Android Studio\jre\bin\net.dll
0x00007ffda5b40000 - 0x00007ffda5c4c000 	C:\Windows\SYSTEM32\WINHTTP.dll
0x00007ffdb04e0000 - 0x00007ffdb054a000 	C:\Windows\system32\mswsock.dll
0x00007ffd84260000 - 0x00007ffd84274000 	D:\Android Studio\jre\bin\nio.dll
0x00007ffd78150000 - 0x00007ffd78177000 	C:\Users\Y540\.gradle\native\f6784746aeab05261644944871eae4fe03e0ef1612fff0a4a95f87b438bc6780\windows-amd64\native-platform.dll
0x00007ffd8cd80000 - 0x00007ffd8cd8a000 	D:\Android Studio\jre\bin\management.dll
0x00007ffd8bbc0000 - 0x00007ffd8bbcc000 	D:\Android Studio\jre\bin\management_ext.dll
0x00007ffdb06e0000 - 0x00007ffdb06f8000 	C:\Windows\SYSTEM32\CRYPTSP.dll
0x00007ffdafdf0000 - 0x00007ffdafe24000 	C:\Windows\system32\rsaenh.dll
0x00007ffdb14f0000 - 0x00007ffdb1517000 	C:\Windows\System32\bcrypt.dll
0x00007ffdb0bf0000 - 0x00007ffdb0c1e000 	C:\Windows\SYSTEM32\USERENV.dll
0x00007ffdb06d0000 - 0x00007ffdb06dc000 	C:\Windows\SYSTEM32\CRYPTBASE.dll
0x00007ffdb0180000 - 0x00007ffdb01bb000 	C:\Windows\SYSTEM32\IPHLPAPI.DLL
0x00007ffdb35c0000 - 0x00007ffdb35c8000 	C:\Windows\System32\NSI.dll
0x00007ffda85e0000 - 0x00007ffda85f7000 	C:\Windows\SYSTEM32\dhcpcsvc6.DLL
0x00007ffda85c0000 - 0x00007ffda85dd000 	C:\Windows\SYSTEM32\dhcpcsvc.DLL
0x00007ffdb01c0000 - 0x00007ffdb028b000 	C:\Windows\SYSTEM32\DNSAPI.dll
0x00007ffda98c0000 - 0x00007ffda98cb000 	C:\Windows\SYSTEM32\WINNSI.DLL

dbghelp: loaded successfully - version: 4.0.5 - missing functions: none
symbol engine: initialized successfully - sym options: 0x614 - pdb path: .;D:\Android Studio\jre\bin;C:\Windows\SYSTEM32;C:\Windows\WinSxS\amd64_microsoft.windows.common-controls_6595b64144ccf1df_6.0.19041.1110_none_60b5254171f9507e;D:\Android Studio\jre\bin\server;C:\Users\Y540\.gradle\native\f6784746aeab05261644944871eae4fe03e0ef1612fff0a4a95f87b438bc6780\windows-amd64

VM Arguments:
jvm_args: --add-opens=java.base/java.util=ALL-UNNAMED --add-opens=java.base/java.lang=ALL-UNNAMED --add-opens=java.base/java.lang.invoke=ALL-UNNAMED --add-opens=java.prefs/java.util.prefs=ALL-UNNAMED -Xmx2048m -Dfile.encoding=UTF-8 -Duser.country=US -Duser.language=en -Duser.variant 
java_command: org.gradle.launcher.daemon.bootstrap.GradleDaemon 6.5
java_class_path (initial): C:\Users\Y540\.gradle\wrapper\dists\gradle-6.5-bin\6nifqtx7604sqp1q6g8wikw7p\gradle-6.5\lib\gradle-launcher-6.5.jar
Launcher Type: SUN_STANDARD

[Global flags]
     intx CICompilerCount                          = 4                                         {product} {ergonomic}
     uint ConcGCThreads                            = 3                                         {product} {ergonomic}
     uint G1ConcRefinementThreads                  = 10                                        {product} {ergonomic}
   size_t G1HeapRegionSize                         = 1048576                                   {product} {ergonomic}
    uintx GCDrainStackTargetSize                   = 64                                        {product} {ergonomic}
   size_t InitialHeapSize                          = 268435456                                 {product} {ergonomic}
   size_t MarkStackSize                            = 4194304                                   {product} {ergonomic}
   size_t MaxHeapSize                              = 2147483648                                {product} {command line}
   size_t MaxNewSize                               = 1287651328                                {product} {ergonomic}
   size_t MinHeapDeltaBytes                        = 1048576                                   {product} {ergonomic}
    uintx NonNMethodCodeHeapSize                   = 5836300                                {pd product} {ergonomic}
    uintx NonProfiledCodeHeapSize                  = 122910970                              {pd product} {ergonomic}
    uintx ProfiledCodeHeapSize                     = 122910970                              {pd product} {ergonomic}
    uintx ReservedCodeCacheSize                    = 251658240                              {pd product} {ergonomic}
     bool SegmentedCodeCache                       = true                                      {product} {ergonomic}
     bool UseCompressedClassPointers               = true                                 {lp64_product} {ergonomic}
     bool UseCompressedOops                        = true                                 {lp64_product} {ergonomic}
     bool UseG1GC                                  = true                                      {product} {ergonomic}
     bool UseLargePagesIndividualAllocation        = false                                  {pd product} {ergonomic}

Logging:
Log output configuration:
 #0: stdout all=warning uptime,level,tags
 #1: stderr all=off uptime,level,tags

Environment Variables:
JAVA_HOME=C:\Program Files\Java\jdk-16.0.1
PATH=C:\Program Files\Common Files\Oracle\Java\javapath;C:\Windows\system32;C:\Windows;C:\Windows\System32\Wbem;C:\Windows\System32\WindowsPowerShell\v1.0\;C:\Windows\System32\OpenSSH\;C:\Program Files (x86)\NVIDIA Corporation\PhysX\Common;C:\Program Files\NVIDIA Corporation\NVIDIA NvDLISR;C:\Program Files\Go\bin;C:\Program Files\nodejs\;C:\Program Files\Git\cmd;C:\Program Files\dotnet\;C:\Program Files\Microsoft SQL Server\130\Tools\Binn\;C:\Program Files\Microsoft SQL Server\Client SDK\ODBC\170\Tools\Binn\;C:\Program Files\Graphviz\bin;C:\Python39\Scripts\;C:\Python39\;C:\Users\Y540\AppData\Local\Microsoft\WindowsApps;C:\Microsoft VS Code\bin;C:\Users\Y540\go\bin;C:\Users\Y540\AppData\Roaming\npm;D:\flutter\bin;C:\Program Files\Java\jdk-16.0.1\bin;C:\Users\Y540\.dotnet\tools;C:\Program Files\JetBrains\IntelliJ IDEA Community Edition 2021.1.3\bin;;C:\Users\Y540\.dotnet\tools;C:\Program Files\PostgreSQL\12\bin\;C:\Program Files\JetBrains\PyCharm Community Edition 2021.2\bin;;C:\Program Files\heroku\bin;C:\Users\Y540\AppData\Local\Programs\MiKTeX\miktex\bin\x64\;C:\Program Files\Common Files\Oracle\Java\javapath;C:\Windows\system32;C:\Windows;C:\Windows\System32\Wbem;C:\Windows\System32\WindowsPowerShell\v1.0\;C:\Windows\System32\OpenSSH\;C:\Program Files (x86)\NVIDIA Corporation\PhysX\Common;C:\Program Files\NVIDIA Corporation\NVIDIA NvDLISR;C:\Program Files\Go\bin;C:\Program Files\nodejs\;C:\Program Files\Git\cmd;C:\Program Files\dotnet\;C:\Program Files\Microsoft SQL Server\130\Tools\Binn\;C:\Program Files\Microsoft SQL Server\Client SDK\ODBC\170\Tools\Binn\;C:\Program Files\Graphviz\bin;C:\MELSEC\ACT\Control;
USERNAME=Y540
OS=Windows_NT
PROCESSOR_IDENTIFIER=Intel64 Family 6 Model 158 Stepping 10, GenuineIntel



---------------  S Y S T E M  ---------------

OS: Windows 10 , 64 bit Build 19041 (10.0.19041.1348)
OS uptime: 7 days 9:10 hours

CPU:total 12 (initial active 12) (6 cores per cpu, 2 threads per core) family 6 model 158 stepping 10, cmov, cx8, fxsr, mmx, sse, sse2, sse3, ssse3, sse4.1, sse4.2, popcnt, avx, avx2, aes, clmul, erms, 3dnowpref, lzcnt, ht, tsc, tscinvbit, bmi1, bmi2, adx, fma

Memory: 4k page, system-wide physical 16303M (1768M free)
TotalPageFile size 28803M (AvailPageFile size 1M)
current process WorkingSet (physical memory assigned to process): 188M, peak: 188M
current process commit charge ("private bytes"): 393M, peak: 394M

vm_info: OpenJDK 64-Bit Server VM (11.0.8+10-b944.6842174) for windows-amd64 JRE (11.0.8+10-b944.6842174), built on Sep 19 2020 01:11:42 by "builder" with MS VC++ 14.0 (VS2015)

END.
